0 info it worked if it ends with ok
1 verbose cli [ '/usr/local/bin/node', '/usr/local/bin/npm', 'run', 'bind' ]
2 info using npm@5.5.1
3 info using node@v8.9.0
4 verbose stack Error: missing script: bind
4 verbose stack     at run (/usr/local/lib/node_modules/npm/lib/run-script.js:151:19)
4 verbose stack     at /usr/local/lib/node_modules/npm/lib/run-script.js:61:5
4 verbose stack     at /usr/local/lib/node_modules/npm/node_modules/read-package-json/read-json.js:115:5
4 verbose stack     at /usr/local/lib/node_modules/npm/node_modules/read-package-json/read-json.js:402:5
4 verbose stack     at checkBinReferences_ (/usr/local/lib/node_modules/npm/node_modules/read-package-json/read-json.js:357:45)
4 verbose stack     at final (/usr/local/lib/node_modules/npm/node_modules/read-package-json/read-json.js:400:3)
4 verbose stack     at then (/usr/local/lib/node_modules/npm/node_modules/read-package-json/read-json.js:160:5)
4 verbose stack     at /usr/local/lib/node_modules/npm/node_modules/read-package-json/read-json.js:280:12
4 verbose stack     at /usr/local/lib/node_modules/npm/node_modules/graceful-fs/graceful-fs.js:78:16
4 verbose stack     at FSReqWrap.readFileAfterClose [as oncomplete] (fs.js:511:3)
5 verbose cwd /Users/Parker/Projects/vuejs/vueadmin
6 verbose Darwin 15.6.0
7 verbose argv "/usr/local/bin/node" "/usr/local/bin/npm" "run" "bind"
8 verbose node v8.9.0
9 verbose npm  v5.5.1
10 error missing script: bind
11 verbose exit [ 1, true ]
